2025-04-21 13:44:14,864 - coverage_middleware - INFO - Coverage middleware initialized
2025-04-21 13:44:14,974 - coverage_middleware - DEBUG - Processing request: GET /
2025-04-21 13:44:15,057 - coverage_middleware - DEBUG - Processing request: POST /login/jwt/
2025-04-21 13:44:15,129 - coverage_middleware - DEBUG - Processing request: POST /accounts/register/
2025-04-21 13:56:50,619 - coverage_middleware - INFO - Coverage middleware initialized
2025-04-21 13:57:08,446 - coverage_middleware - DEBUG - Processing request: GET /
2025-04-21 14:00:06,747 - coverage_middleware - INFO - Coverage middleware initialized
2025-04-21 14:00:07,326 - coverage_middleware - DEBUG - Processing request: GET /
2025-04-21 14:08:17,070 - coverage_middleware - INFO - Coverage middleware initialized
2025-04-21 14:08:17,544 - coverage_middleware - DEBUG - Processing request: GET /
2025-04-21 14:08:17,714 - coverage_middleware - DEBUG - Processing request: POST /login/jwt/
2025-04-21 14:08:17,813 - coverage_middleware - DEBUG - Processing request: POST /accounts/register/
2025-04-21 14:08:17,921 - coverage_middleware - DEBUG - Processing request: GET /
2025-04-21 14:08:29,420 - coverage_middleware - DEBUG - Processing request: GET /
2025-04-21 14:08:30,422 - coverage_middleware - DEBUG - Processing request: GET /
2025-04-21 14:08:30,794 - coverage_middleware - DEBUG - Processing request: GET /
2025-04-21 14:08:42,058 - coverage_middleware - DEBUG - Processing request: GET /
2025-04-21 14:10:33,385 - coverage_middleware - INFO - Coverage middleware initialized
2025-04-21 14:10:33,777 - coverage_middleware - DEBUG - Processing request: GET /
2025-04-21 14:10:33,962 - coverage_middleware - DEBUG - Processing request: POST /login/jwt/
2025-04-21 14:10:34,054 - coverage_middleware - DEBUG - Processing request: POST /accounts/register/
2025-04-21 14:10:34,630 - coverage_middleware - DEBUG - Processing request: GET /
2025-04-21 14:10:41,738 - coverage_middleware - DEBUG - Processing request: GET /
2025-04-21 14:10:42,256 - coverage_middleware - DEBUG - Processing request: GET /
2025-04-21 14:10:42,557 - coverage_middleware - DEBUG - Processing request: GET /
2025-04-21 14:10:43,012 - coverage_middleware - DEBUG - Processing request: GET /
2025-04-21 14:10:43,256 - coverage_middleware - DEBUG - Processing request: GET /
2025-04-21 14:10:43,469 - coverage_middleware - DEBUG - Processing request: GET /
2025-04-21 14:10:43,856 - coverage_middleware - DEBUG - Processing request: GET /
2025-04-21 14:10:44,080 - coverage_middleware - DEBUG - Processing request: GET /
2025-04-21 14:10:44,226 - coverage_middleware - DEBUG - Processing request: GET /
2025-04-21 14:10:44,376 - coverage_middleware - DEBUG - Processing request: GET /
2025-04-21 14:13:13,969 - coverage_middleware - INFO - Coverage middleware initialized
2025-04-21 14:13:35,630 - coverage_middleware - INFO - Coverage middleware initialized
2025-04-21 14:13:40,672 - coverage_middleware - DEBUG - Processing request: GET /
2025-04-21 14:13:40,889 - coverage_middleware - DEBUG - Processing request: GET /
2025-04-21 14:13:41,470 - coverage_middleware - DEBUG - Processing request: GET /
2025-04-21 14:14:08,786 - coverage_middleware - INFO - Coverage middleware initialized
2025-04-21 14:14:08,819 - coverage_middleware - DEBUG - Processing request: GET /
2025-04-21 14:14:09,135 - coverage_middleware - DEBUG - Processing request: POST /login/jwt/
2025-04-21 14:14:09,358 - coverage_middleware - DEBUG - Processing request: POST /accounts/register/
2025-04-21 14:14:09,588 - coverage_middleware - DEBUG - Processing request: GET /accounts/login/
2025-04-21 14:14:11,622 - coverage_middleware - DEBUG - Processing request: POST /login/jwt/
2025-04-21 14:14:11,876 - coverage_middleware - DEBUG - Processing request: DELETE /datatb/product/delete/0/
2025-04-21 14:14:11,997 - coverage_middleware - DEBUG - Processing request: DELETE /datatb/product/delete/g8/
2025-04-21 14:14:12,133 - coverage_middleware - DEBUG - Processing request: DELETE /datatb/product/delete/39/
2025-04-21 14:14:12,252 - coverage_middleware - DEBUG - Processing request: DELETE /datatb/product/delete/0/
2025-04-21 14:14:12,376 - coverage_middleware - DEBUG - Processing request: DELETE /datatb/product/delete/74/
2025-04-21 14:14:12,499 - coverage_middleware - DEBUG - Processing request: DELETE /datatb/product/delete/5893425/
2025-04-21 14:14:12,629 - coverage_middleware - DEBUG - Processing request: DELETE /datatb/product/delete/48/
2025-04-21 14:14:12,753 - coverage_middleware - DEBUG - Processing request: GET /datatb/product/delete/99/
2025-04-21 14:14:12,878 - coverage_middleware - DEBUG - Processing request: GET /datatb/product/delete/62/
2025-04-21 14:14:13,000 - coverage_middleware - DEBUG - Processing request: GET /datatb/product/delete/92/
2025-04-21 14:14:13,126 - coverage_middleware - DEBUG - Processing request: GET /datatb/product/delete/abc/
2025-04-21 14:14:13,250 - coverage_middleware - DEBUG - Processing request: GET /datatb/product/delete/21/
2025-04-21 14:14:13,386 - coverage_middleware - DEBUG - Processing request: GET /datatb/product/delete/abc/
2025-04-21 14:14:13,517 - coverage_middleware - DEBUG - Processing request: GET /datatb/product/delete/82/
2025-04-21 14:14:13,646 - coverage_middleware - DEBUG - Processing request: GET /datatb/product/delete/45/
2025-04-21 14:14:13,770 - coverage_middleware - DEBUG - Processing request: GET /datatb/product/delete/abc/
2025-04-21 14:14:13,906 - coverage_middleware - DEBUG - Processing request: GET /datatb/product/delete/0/
2025-04-21 14:14:14,070 - coverage_middleware - DEBUG - Processing request: GET /datatb/product/delete/0/
2025-04-21 14:14:14,195 - coverage_middleware - DEBUG - Processing request: GET /datatb/product/delete/50/
2025-04-21 14:14:14,312 - coverage_middleware - DEBUG - Processing request: GET /datatb/product/delete/69/
2025-04-21 14:14:14,450 - coverage_middleware - DEBUG - Processing request: DELETE /datatb/product/edit/40/
2025-04-21 14:14:14,611 - coverage_middleware - DEBUG - Processing request: DELETE /datatb/product/edit/58/
2025-04-21 14:14:14,777 - coverage_middleware - DEBUG - Processing request: DELETE /datatb/product/edit/6/
2025-04-21 14:14:14,974 - coverage_middleware - DEBUG - Processing request: DELETE /datatb/product/edit/93/
2025-04-21 14:14:15,129 - coverage_middleware - DEBUG - Processing request: DELETE /datatb/product/edit/0/
2025-04-21 14:14:15,290 - coverage_middleware - DEBUG - Processing request: DELETE /datatb/product/edit/4/
2025-04-21 14:14:15,445 - coverage_middleware - DEBUG - Processing request: DELETE /datatb/product/edit/8!/
2025-04-21 14:14:15,586 - coverage_middleware - DEBUG - Processing request: GET /datatb/product/edit/44/
2025-04-21 14:14:15,742 - coverage_middleware - DEBUG - Processing request: GET /datatb/product/edit/26/
2025-04-21 14:14:15,910 - coverage_middleware - DEBUG - Processing request: GET /datatb/product/edit/73/
2025-04-21 14:14:16,071 - coverage_middleware - DEBUG - Processing request: GET /datatb/product/edit/6592693/
2025-04-21 14:14:16,226 - coverage_middleware - DEBUG - Processing request: GET /datatb/product/edit/69/
2025-04-21 14:14:16,425 - coverage_middleware - DEBUG - Processing request: GET /datatb/product/edit/45/
2025-04-21 14:14:16,582 - coverage_middleware - DEBUG - Processing request: GET /datatb/product/edit/30/
2025-04-21 14:14:16,739 - coverage_middleware - DEBUG - Processing request: GET /datatb/product/edit/70/
2025-04-21 14:14:16,901 - coverage_middleware - DEBUG - Processing request: GET /datatb/product/edit/7510200/
2025-04-21 14:14:17,055 - coverage_middleware - DEBUG - Processing request: GET /datatb/product/edit/73/
2025-04-21 14:14:17,219 - coverage_middleware - DEBUG - Processing request: GET /datatb/product/edit/2305881/
2025-04-21 14:14:17,379 - coverage_middleware - DEBUG - Processing request: GET /datatb/product/edit/21/
2025-04-21 14:14:17,539 - coverage_middleware - DEBUG - Processing request: GET /datatb/product/edit/88/
2025-04-21 14:14:17,712 - coverage_middleware - DEBUG - Processing request: POST /api/product/-1/
2025-04-21 14:14:17,733 - coverage_middleware - INFO - New file covered: /Users/speedpowermac/Documents/projects/CODE_MAIN/SoftwareTestingProject/DjangoWebApplication/api/views.py
2025-04-21 14:14:17,842 - coverage_middleware - DEBUG - Processing request: POST /api/product/99/
2025-04-21 14:14:18,017 - coverage_middleware - DEBUG - Processing request: POST /api/product/34/
2025-04-21 14:14:18,190 - coverage_middleware - DEBUG - Processing request: POST /api/product/abc/
2025-04-21 14:14:18,212 - coverage_middleware - INFO - Significant new coverage in /Users/speedpowermac/Documents/projects/CODE_MAIN/SoftwareTestingProject/DjangoWebApplication/api/views.py: 4 new lines
2025-04-21 14:14:18,320 - coverage_middleware - DEBUG - Processing request: POST /api/product/60/
2025-04-21 14:14:18,492 - coverage_middleware - DEBUG - Processing request: POST /api/product/15/
2025-04-21 14:14:18,652 - coverage_middleware - DEBUG - Processing request: POST /api/product/-1/
2025-04-21 14:14:18,780 - coverage_middleware - DEBUG - Processing request: POST /api/product/5929761/
2025-04-21 14:14:18,950 - coverage_middleware - DEBUG - Processing request: POST /api/product/8/
2025-04-21 14:14:19,125 - coverage_middleware - DEBUG - Processing request: POST /api/product/3/
2025-04-21 14:14:19,290 - coverage_middleware - DEBUG - Processing request: POST /api/product/4472827/
2025-04-21 14:14:19,458 - coverage_middleware - DEBUG - Processing request: POST /api/product/7606263/
2025-04-21 14:14:19,635 - coverage_middleware - DEBUG - Processing request: POST /api/product/1/
2025-04-21 14:14:19,807 - coverage_middleware - DEBUG - Processing request: PUT /datatb/product/edit/16/
2025-04-21 14:14:19,927 - coverage_middleware - DEBUG - Processing request: PUT /datatb/product/edit/27/
2025-04-21 14:14:20,051 - coverage_middleware - DEBUG - Processing request: PUT /datatb/product/edit/9374153/
2025-04-21 14:14:20,177 - coverage_middleware - DEBUG - Processing request: PUT /datatb/product/edit/0/
2025-04-21 14:14:20,300 - coverage_middleware - DEBUG - Processing request: PUT /datatb/product/edit/1/
2025-04-21 14:14:20,427 - coverage_middleware - DEBUG - Processing request: PUT /datatb/product/edit/3410953/
2025-04-21 14:14:20,554 - coverage_middleware - DEBUG - Processing request: PUT /datatb/product/edit/7444188/
2025-04-21 14:14:20,688 - coverage_middleware - DEBUG - Processing request: PUT /datatb/product/edit/95/
2025-04-21 14:14:20,809 - coverage_middleware - DEBUG - Processing request: PUT /datatb/product/edit/0/
2025-04-21 14:14:20,938 - coverage_middleware - DEBUG - Processing request: PUT /datatb/product/edit/4633660/
2025-04-21 14:14:21,061 - coverage_middleware - DEBUG - Processing request: PUT /datatb/product/edit/71/
2025-04-21 14:14:21,183 - coverage_middleware - DEBUG - Processing request: PUT /datatb/product/edit/36/
2025-04-21 14:14:21,305 - coverage_middleware - DEBUG - Processing request: PUT /datatb/product/edit/1934940/
2025-04-21 14:14:21,432 - coverage_middleware - DEBUG - Processing request: POST /datatb/product/edit/abc/
2025-04-21 14:14:21,560 - coverage_middleware - DEBUG - Processing request: POST /datatb/product/edit/9/
2025-04-21 14:14:21,689 - coverage_middleware - DEBUG - Processing request: POST /datatb/product/edit/32/
2025-04-21 14:14:21,810 - coverage_middleware - DEBUG - Processing request: POST /datatb/product/edit/1/
2025-04-21 14:14:21,931 - coverage_middleware - DEBUG - Processing request: POST /datatb/product/edit/16/
2025-04-21 14:14:22,056 - coverage_middleware - DEBUG - Processing request: POST /datatb/product/edit/25/
2025-04-21 14:14:22,180 - coverage_middleware - DEBUG - Processing request: POST /datatb/product/edit/63/
2025-04-21 14:14:22,307 - coverage_middleware - DEBUG - Processing request: POST /datatb/product/edit/10/
2025-04-21 14:14:22,434 - coverage_middleware - DEBUG - Processing request: POST /datatb/product/edit/40/
2025-04-21 14:14:22,567 - coverage_middleware - DEBUG - Processing request: POST /datatb/product/edit/35/
2025-04-21 14:14:22,691 - coverage_middleware - DEBUG - Processing request: POST /datatb/product/edit/16/
2025-04-21 14:14:22,814 - coverage_middleware - DEBUG - Processing request: POST /datatb/product/edit/0/
2025-04-21 14:14:22,934 - coverage_middleware - DEBUG - Processing request: POST /datatb/product/edit/46/
2025-04-21 14:14:23,061 - coverage_middleware - DEBUG - Processing request: PUT /datatb/product/delete/97/
2025-04-21 14:14:23,186 - coverage_middleware - DEBUG - Processing request: PUT /datatb/product/delete/abc/
2025-04-21 14:14:23,324 - coverage_middleware - DEBUG - Processing request: PUT /datatb/product/delete/14/
2025-04-21 14:14:23,449 - coverage_middleware - DEBUG - Processing request: PUT /datatb/product/delete/;9/
2025-04-21 14:14:23,587 - coverage_middleware - DEBUG - Processing request: PUT /datatb/product/delete/37/
2025-04-21 14:14:23,713 - coverage_middleware - DEBUG - Processing request: PUT /datatb/product/delete/80/
2025-04-21 14:14:23,838 - coverage_middleware - DEBUG - Processing request: PUT /datatb/product/delete/52/
2025-04-21 14:14:23,962 - coverage_middleware - DEBUG - Processing request: PUT /datatb/product/delete/0/
2025-04-21 14:14:24,094 - coverage_middleware - DEBUG - Processing request: PUT /datatb/product/delete/23/
2025-04-21 14:14:24,220 - coverage_middleware - DEBUG - Processing request: PUT /datatb/product/delete/21/
2025-04-21 14:14:24,344 - coverage_middleware - DEBUG - Processing request: PUT /datatb/product/delete/55/
2025-04-21 14:14:24,468 - coverage_middleware - DEBUG - Processing request: PUT /datatb/product/delete/19/
2025-04-21 14:14:24,594 - coverage_middleware - DEBUG - Processing request: PUT /datatb/product/delete/0/
2025-04-21 14:14:24,722 - coverage_middleware - DEBUG - Processing request: DELETE /datatb/product/export/
2025-04-21 14:14:24,881 - coverage_middleware - DEBUG - Processing request: DELETE /datatb/product/export/
2025-04-21 14:14:25,034 - coverage_middleware - DEBUG - Processing request: DELETE /datatb/product/export/
2025-04-21 14:14:25,202 - coverage_middleware - DEBUG - Processing request: DELETE /datatb/product/export/
2025-04-21 14:14:30,316 - coverage_middleware - DEBUG - Processing request: DELETE /datatb/product/export/
2025-04-21 14:14:33,806 - coverage_middleware - DEBUG - Processing request: GET /
2025-04-21 14:14:35,417 - coverage_middleware - DEBUG - Processing request: DELETE /datatb/product/export/
2025-04-21 14:14:40,535 - coverage_middleware - DEBUG - Processing request: DELETE /datatb/product/export/
2025-04-21 14:14:45,642 - coverage_middleware - DEBUG - Processing request: PUT /api/product/88/
2025-04-21 14:14:45,685 - coverage_middleware - INFO - Significant new coverage in /Users/speedpowermac/Documents/projects/CODE_MAIN/SoftwareTestingProject/DjangoWebApplication/api/views.py: 7 new lines
2025-04-21 14:14:50,744 - coverage_middleware - DEBUG - Processing request: PUT /api/product/-1/
2025-04-21 14:14:55,855 - coverage_middleware - DEBUG - Processing request: PUT /api/product/88/
2025-04-21 14:15:00,957 - coverage_middleware - DEBUG - Processing request: PUT /api/product/13/
2025-04-21 14:15:06,068 - coverage_middleware - DEBUG - Processing request: PUT /api/product/1:/
2025-04-21 14:15:11,179 - coverage_middleware - DEBUG - Processing request: PUT /api/product/83/
2025-04-21 14:15:16,284 - coverage_middleware - DEBUG - Processing request: PUT /api/product/87/
2025-04-21 14:15:21,392 - coverage_middleware - DEBUG - Processing request: PUT /api/product/35/
2025-04-21 14:15:26,497 - coverage_middleware - DEBUG - Processing request: PUT /api/product/62/
2025-04-21 14:15:31,604 - coverage_middleware - DEBUG - Processing request: PUT /api/product/7398205/
2025-04-21 14:15:36,711 - coverage_middleware - DEBUG - Processing request: PUT /api/product/83/
2025-04-21 14:15:41,821 - coverage_middleware - DEBUG - Processing request: PUT /api/product/25/
2025-04-21 14:15:46,932 - coverage_middleware - DEBUG - Processing request: PUT /api/product/3o/
2025-04-21 14:15:52,086 - coverage_middleware - DEBUG - Processing request: DELETE /datatb/product/
2025-04-21 14:15:52,292 - coverage_middleware - DEBUG - Processing request: DELETE /datatb/product/
2025-04-21 14:15:52,474 - coverage_middleware - DEBUG - Processing request: DELETE /datatb/product/
2025-04-21 14:15:52,613 - coverage_middleware - DEBUG - Processing request: DELETE /datatb/product/
2025-04-21 14:15:52,765 - coverage_middleware - DEBUG - Processing request: DELETE /datatb/product/
2025-04-21 14:15:52,896 - coverage_middleware - DEBUG - Processing request: DELETE /datatb/product/
2025-04-21 14:15:53,029 - coverage_middleware - DEBUG - Processing request: DELETE /datatb/product/
2025-04-21 14:15:53,157 - coverage_middleware - DEBUG - Processing request: DELETE /datatb/product/
2025-04-21 14:15:53,302 - coverage_middleware - DEBUG - Processing request: DELETE /datatb/product/
2025-04-21 14:15:53,435 - coverage_middleware - DEBUG - Processing request: DELETE /datatb/product/
2025-04-21 14:15:53,580 - coverage_middleware - DEBUG - Processing request: DELETE /datatb/product/export/
2025-04-21 14:15:58,687 - coverage_middleware - DEBUG - Processing request: DELETE /datatb/product/export/
2025-04-21 14:16:03,792 - coverage_middleware - DEBUG - Processing request: DELETE /datatb/product/export/
2025-04-21 14:16:08,901 - coverage_middleware - DEBUG - Processing request: DELETE /datatb/product/export/
2025-04-21 14:16:14,012 - coverage_middleware - DEBUG - Processing request: DELETE /datatb/product/export/
2025-04-21 14:16:19,128 - coverage_middleware - DEBUG - Processing request: DELETE /datatb/product/export/
2025-04-21 14:16:24,234 - coverage_middleware - DEBUG - Processing request: DELETE /datatb/product/export/
2025-04-21 14:16:29,343 - coverage_middleware - DEBUG - Processing request: DELETE /datatb/product/export/
2025-04-21 14:16:34,446 - coverage_middleware - DEBUG - Processing request: POST /datatb/product/delete/-1/
2025-04-21 14:16:39,551 - coverage_middleware - DEBUG - Processing request: POST /datatb/product/delete/-1/
2025-04-21 14:16:44,660 - coverage_middleware - DEBUG - Processing request: POST /datatb/product/delete/55/
2025-04-21 14:16:49,769 - coverage_middleware - DEBUG - Processing request: POST /datatb/product/delete/45/
2025-04-21 14:16:54,879 - coverage_middleware - DEBUG - Processing request: POST /datatb/product/delete/13/
2025-04-21 14:16:59,983 - coverage_middleware - DEBUG - Processing request: POST /datatb/product/delete/0/
2025-04-21 14:17:05,097 - coverage_middleware - DEBUG - Processing request: POST /datatb/product/delete/0/
2025-04-21 14:17:10,200 - coverage_middleware - DEBUG - Processing request: POST /datatb/product/delete/29/
2025-04-21 14:17:15,309 - coverage_middleware - DEBUG - Processing request: POST /datatb/product/delete/59/
2025-04-21 14:17:20,416 - coverage_middleware - DEBUG - Processing request: POST /datatb/product/delete/-1/
2025-04-21 14:17:25,527 - coverage_middleware - DEBUG - Processing request: DELETE /datatb/product/edit/34/
2025-04-21 14:17:30,640 - coverage_middleware - DEBUG - Processing request: DELETE /datatb/product/edit/98/
2025-04-21 14:17:35,749 - coverage_middleware - DEBUG - Processing request: DELETE /datatb/product/edit/9914919/
2025-04-21 14:17:40,859 - coverage_middleware - DEBUG - Processing request: DELETE /datatb/product/edit/78/
2025-04-21 14:17:45,968 - coverage_middleware - DEBUG - Processing request: DELETE /datatb/product/edit/63/
2025-04-21 14:17:51,090 - coverage_middleware - DEBUG - Processing request: DELETE /datatb/product/edit/76/
2025-04-21 14:17:56,191 - coverage_middleware - DEBUG - Processing request: DELETE /datatb/product/edit/64/
2025-04-21 14:18:01,303 - coverage_middleware - DEBUG - Processing request: DELETE /datatb/product/edit/43/
2025-04-21 14:18:06,411 - coverage_middleware - DEBUG - Processing request: DELETE /datatb/product/edit/39/
2025-04-21 14:18:11,521 - coverage_middleware - DEBUG - Processing request: DELETE /datatb/product/export/
2025-04-21 14:18:16,628 - coverage_middleware - DEBUG - Processing request: DELETE /datatb/product/export/
2025-04-21 14:18:21,736 - coverage_middleware - DEBUG - Processing request: DELETE /datatb/product/export/
2025-04-21 14:18:26,839 - coverage_middleware - DEBUG - Processing request: DELETE /datatb/product/export/
2025-04-21 14:18:31,951 - coverage_middleware - DEBUG - Processing request: DELETE /datatb/product/export/
2025-04-21 14:18:37,061 - coverage_middleware - DEBUG - Processing request: DELETE /datatb/product/export/
2025-04-21 14:18:42,163 - coverage_middleware - DEBUG - Processing request: DELETE /datatb/product/export/
2025-04-21 14:18:47,275 - coverage_middleware - DEBUG - Processing request: DELETE /datatb/product/export/
2025-04-21 14:18:52,389 - coverage_middleware - DEBUG - Processing request: DELETE /datatb/product/export/
2025-04-21 14:18:57,502 - coverage_middleware - DEBUG - Processing request: DELETE /datatb/product/export/
2025-04-21 14:19:02,612 - coverage_middleware - DEBUG - Processing request: PUT /datatb/product/
2025-04-21 14:19:02,766 - coverage_middleware - DEBUG - Processing request: PUT /datatb/product/
2025-04-21 14:19:02,918 - coverage_middleware - DEBUG - Processing request: PUT /datatb/product/
2025-04-21 14:19:03,064 - coverage_middleware - DEBUG - Processing request: PUT /datatb/product/
2025-04-21 14:19:03,223 - coverage_middleware - DEBUG - Processing request: PUT /datatb/product/
2025-04-21 14:19:03,363 - coverage_middleware - DEBUG - Processing request: PUT /datatb/product/
2025-04-21 14:19:03,509 - coverage_middleware - DEBUG - Processing request: PUT /datatb/product/
2025-04-21 14:19:03,660 - coverage_middleware - DEBUG - Processing request: PUT /datatb/product/
2025-04-21 14:19:03,812 - coverage_middleware - DEBUG - Processing request: PUT /datatb/product/
2025-04-21 14:19:03,962 - coverage_middleware - DEBUG - Processing request: PUT /datatb/product/
2025-04-21 14:19:04,116 - coverage_middleware - DEBUG - Processing request: PUT /datatb/product/export/
2025-04-21 14:19:04,305 - coverage_middleware - DEBUG - Processing request: PUT /datatb/product/export/
2025-04-21 14:19:04,446 - coverage_middleware - DEBUG - Processing request: PUT /datatb/product/export/
2025-04-21 14:19:04,589 - coverage_middleware - DEBUG - Processing request: PUT /datatb/product/export/
2025-04-21 14:19:04,729 - coverage_middleware - DEBUG - Processing request: PUT /datatb/product/export/
2025-04-21 14:19:04,879 - coverage_middleware - DEBUG - Processing request: PUT /datatb/product/export/
2025-04-21 14:19:05,031 - coverage_middleware - DEBUG - Processing request: PUT /datatb/product/export/
2025-04-21 14:19:05,184 - coverage_middleware - DEBUG - Processing request: PUT /datatb/product/export/
2025-04-21 14:19:05,365 - coverage_middleware - DEBUG - Processing request: PUT /datatb/product/export/
2025-04-21 14:19:05,496 - coverage_middleware - DEBUG - Processing request: PUT /datatb/product/export/
2025-04-21 14:19:05,636 - coverage_middleware - DEBUG - Processing request: PUT /datatb/product/export/
2025-04-21 14:19:05,784 - coverage_middleware - DEBUG - Processing request: GET /datatb/product/edit/abc/
2025-04-21 14:19:10,889 - coverage_middleware - DEBUG - Processing request: GET /datatb/product/edit/69/
2025-04-21 14:19:16,001 - coverage_middleware - DEBUG - Processing request: GET /datatb/product/edit/83/
2025-04-21 14:19:21,111 - coverage_middleware - DEBUG - Processing request: GET /datatb/product/edit/79/
2025-04-21 14:19:26,219 - coverage_middleware - DEBUG - Processing request: GET /datatb/product/edit/88/
2025-04-21 14:19:31,328 - coverage_middleware - DEBUG - Processing request: POST /datatb/product/
2025-04-21 14:19:31,484 - coverage_middleware - DEBUG - Processing request: POST /datatb/product/
2025-04-21 14:19:31,657 - coverage_middleware - DEBUG - Processing request: POST /datatb/product/
2025-04-21 14:19:31,798 - coverage_middleware - DEBUG - Processing request: POST /datatb/product/
2025-04-21 14:19:31,941 - coverage_middleware - DEBUG - Processing request: POST /datatb/product/
2025-04-21 14:19:32,087 - coverage_middleware - DEBUG - Processing request: POST /datatb/product/
2025-04-21 14:19:32,237 - coverage_middleware - DEBUG - Processing request: POST /datatb/product/
2025-04-21 14:19:32,386 - coverage_middleware - DEBUG - Processing request: POST /datatb/product/
2025-04-21 14:19:32,537 - coverage_middleware - DEBUG - Processing request: POST /datatb/product/
2025-04-21 14:19:32,702 - coverage_middleware - DEBUG - Processing request: POST /datatb/product/edit/88/
2025-04-21 14:19:37,812 - coverage_middleware - DEBUG - Processing request: POST /datatb/product/edit/9/
2025-04-21 14:19:42,919 - coverage_middleware - DEBUG - Processing request: POST /datatb/product/edit/76/
2025-04-21 14:19:48,028 - coverage_middleware - DEBUG - Processing request: POST /datatb/product/edit/78/
2025-04-21 14:19:53,135 - coverage_middleware - DEBUG - Processing request: POST /datatb/product/
2025-04-21 14:19:53,268 - coverage_middleware - DEBUG - Processing request: POST /datatb/product/
2025-04-21 14:19:53,404 - coverage_middleware - DEBUG - Processing request: POST /datatb/product/
2025-04-21 14:19:53,539 - coverage_middleware - DEBUG - Processing request: POST /datatb/product/
2025-04-21 14:19:53,674 - coverage_middleware - DEBUG - Processing request: POST /datatb/product/
2025-04-21 14:19:53,809 - coverage_middleware - DEBUG - Processing request: POST /datatb/product/
2025-04-21 14:19:53,940 - coverage_middleware - DEBUG - Processing request: PUT /datatb/product/export/
2025-04-21 14:19:59,056 - coverage_middleware - DEBUG - Processing request: PUT /datatb/product/export/
2025-04-21 14:21:04,291 - coverage_middleware - INFO - Coverage middleware initialized
2025-04-21 14:21:04,423 - coverage_middleware - DEBUG - Processing request: GET /
2025-04-21 14:21:04,579 - coverage_middleware - DEBUG - Processing request: POST /login/jwt/
2025-04-21 14:21:04,911 - coverage_middleware - DEBUG - Processing request: DELETE /api/product/34/
2025-04-21 14:21:04,972 - coverage_middleware - INFO - New file covered: /Users/speedpowermac/Documents/projects/CODE_MAIN/SoftwareTestingProject/DjangoWebApplication/api/views.py
2025-04-21 14:21:05,089 - coverage_middleware - DEBUG - Processing request: PUT /datatb/product/
2025-04-21 14:21:05,231 - coverage_middleware - DEBUG - Processing request: PUT /datatb/product/
2025-04-21 14:21:05,367 - coverage_middleware - DEBUG - Processing request: PUT /datatb/product/
2025-04-21 14:21:05,494 - coverage_middleware - DEBUG - Processing request: PUT /datatb/product/
2025-04-21 14:21:05,628 - coverage_middleware - DEBUG - Processing request: PUT /datatb/product/
2025-04-21 14:21:05,763 - coverage_middleware - DEBUG - Processing request: PUT /datatb/product/
2025-04-21 14:21:05,906 - coverage_middleware - DEBUG - Processing request: DELETE /datatb/product/
2025-04-21 14:21:06,040 - coverage_middleware - DEBUG - Processing request: DELETE /datatb/product/
2025-04-21 14:21:06,174 - coverage_middleware - DEBUG - Processing request: DELETE /datatb/product/
2025-04-21 14:21:06,307 - coverage_middleware - DEBUG - Processing request: DELETE /datatb/product/
2025-04-21 14:21:06,450 - coverage_middleware - DEBUG - Processing request: DELETE /datatb/product/
2025-04-21 14:21:06,585 - coverage_middleware - DEBUG - Processing request: DELETE /datatb/product/
2025-04-21 14:21:06,717 - coverage_middleware - DEBUG - Processing request: DELETE /datatb/product/
2025-04-21 14:21:06,850 - coverage_middleware - DEBUG - Processing request: DELETE /datatb/product/
2025-04-21 14:21:06,988 - coverage_middleware - DEBUG - Processing request: PUT /datatb/product/export/
2025-04-21 14:23:12,946 - coverage_middleware - INFO - Coverage middleware initialized
2025-04-21 14:24:23,692 - coverage_middleware - INFO - Coverage middleware initialized
2025-04-21 14:25:19,731 - coverage_middleware - INFO - Coverage middleware initialized
2025-04-21 14:27:02,678 - coverage_middleware - INFO - Coverage middleware initialized
2025-04-21 14:27:03,085 - coverage_middleware - DEBUG - Processing request: GET /
2025-04-21 14:27:03,269 - coverage_middleware - DEBUG - Processing request: POST /login/jwt/
2025-04-21 14:27:03,492 - coverage_middleware - DEBUG - Processing request: POST /datatb/product/edit/9583364/
2025-04-21 14:27:03,611 - coverage_middleware - DEBUG - Processing request: POST /datatb/product/edit/54/
2025-04-21 14:27:03,735 - coverage_middleware - DEBUG - Processing request: POST /datatb/product/edit/22/
2025-04-21 14:27:03,853 - coverage_middleware - DEBUG - Processing request: POST /datatb/product/edit/97/
2025-04-21 14:27:03,995 - coverage_middleware - DEBUG - Processing request: POST /datatb/product/edit/-1/
2025-04-21 14:27:04,123 - coverage_middleware - DEBUG - Processing request: POST /datatb/product/edit/24/
2025-04-21 14:27:04,248 - coverage_middleware - DEBUG - Processing request: POST /datatb/product/edit/17/
2025-04-21 14:27:04,372 - coverage_middleware - DEBUG - Processing request: POST /datatb/product/delete/6102422/
2025-04-21 14:27:04,502 - coverage_middleware - DEBUG - Processing request: POST /datatb/product/delete/64/
2025-04-21 14:27:04,627 - coverage_middleware - DEBUG - Processing request: POST /datatb/product/delete/9/
2025-04-21 14:27:04,752 - coverage_middleware - DEBUG - Processing request: POST /datatb/product/delete/63/
2025-04-21 14:27:04,879 - coverage_middleware - DEBUG - Processing request: POST /datatb/product/delete/81/
2025-04-21 14:27:04,997 - coverage_middleware - DEBUG - Processing request: POST /datatb/product/delete/49/
2025-04-21 14:27:05,121 - coverage_middleware - DEBUG - Processing request: POST /datatb/product/delete/-1/
2025-04-21 14:27:05,249 - coverage_middleware - DEBUG - Processing request: DELETE /datatb/product/
2025-04-21 14:27:05,392 - coverage_middleware - DEBUG - Processing request: DELETE /datatb/product/
2025-04-21 14:27:05,526 - coverage_middleware - DEBUG - Processing request: DELETE /datatb/product/
2025-04-21 14:27:05,660 - coverage_middleware - DEBUG - Processing request: DELETE /datatb/product/
2025-04-21 14:27:05,791 - coverage_middleware - DEBUG - Processing request: DELETE /datatb/product/
2025-04-21 14:27:05,985 - coverage_middleware - DEBUG - Processing request: DELETE /datatb/product/
2025-04-21 14:29:09,798 - coverage_middleware - INFO - Coverage middleware initialized
2025-04-21 14:29:10,290 - coverage_middleware - DEBUG - Processing request: GET /
2025-04-21 14:29:10,465 - coverage_middleware - DEBUG - Processing request: POST /login/jwt/
2025-04-21 14:29:10,689 - coverage_middleware - DEBUG - Processing request: POST /datatb/product/delete/-1/
2025-04-21 14:29:10,813 - coverage_middleware - DEBUG - Processing request: POST /datatb/product/delete/abc/
2025-04-21 14:29:10,941 - coverage_middleware - DEBUG - Processing request: POST /datatb/product/delete/91/
2025-04-21 14:29:11,084 - coverage_middleware - DEBUG - Processing request: POST /datatb/product/delete/3/
2025-04-21 14:29:11,206 - coverage_middleware - DEBUG - Processing request: POST /datatb/product/delete/-1/
2025-04-21 14:29:11,336 - coverage_middleware - DEBUG - Processing request: POST /datatb/product/delete/89/
2025-04-21 14:29:11,465 - coverage_middleware - DEBUG - Processing request: POST /datatb/product/delete/52/
2025-04-21 14:29:11,592 - coverage_middleware - DEBUG - Processing request: GET /datatb/product/export/
2025-04-21 14:29:11,777 - coverage_middleware - DEBUG - Processing request: GET /datatb/product/export/
2025-04-21 14:29:11,940 - coverage_middleware - DEBUG - Processing request: GET /datatb/product/export/
2025-04-21 14:29:12,100 - coverage_middleware - DEBUG - Processing request: GET /datatb/product/export/
2025-04-21 14:29:12,311 - coverage_middleware - DEBUG - Processing request: GET /datatb/product/export/
2025-04-21 14:29:12,473 - coverage_middleware - DEBUG - Processing request: GET /datatb/product/export/
2025-04-21 14:29:12,634 - coverage_middleware - DEBUG - Processing request: GET /datatb/product/export/
2025-04-21 14:29:12,799 - coverage_middleware - DEBUG - Processing request: POST /datatb/product/edit/87/
2025-04-21 14:29:12,924 - coverage_middleware - DEBUG - Processing request: POST /datatb/product/edit/7/
2025-04-21 14:29:13,047 - coverage_middleware - DEBUG - Processing request: POST /datatb/product/edit/-1/
2025-04-21 14:29:13,171 - coverage_middleware - DEBUG - Processing request: POST /datatb/product/edit/abc/
2025-04-21 14:29:13,302 - coverage_middleware - DEBUG - Processing request: POST /datatb/product/edit/0/
2025-04-21 14:29:13,422 - coverage_middleware - DEBUG - Processing request: POST /datatb/product/edit/0/
2025-04-21 14:29:13,546 - coverage_middleware - DEBUG - Processing request: POST /datatb/product/edit/51/
2025-04-21 14:29:13,666 - coverage_middleware - DEBUG - Processing request: PUT /datatb/product/
2025-04-21 14:29:13,803 - coverage_middleware - DEBUG - Processing request: PUT /datatb/product/
2025-04-21 14:29:13,930 - coverage_middleware - DEBUG - Processing request: PUT /datatb/product/
2025-04-21 14:29:14,062 - coverage_middleware - DEBUG - Processing request: PUT /datatb/product/
2025-04-21 14:29:14,194 - coverage_middleware - DEBUG - Processing request: PUT /datatb/product/
2025-04-21 14:29:14,335 - coverage_middleware - DEBUG - Processing request: PUT /datatb/product/
2025-04-21 14:29:14,466 - coverage_middleware - DEBUG - Processing request: PUT /datatb/product/
2025-04-21 14:29:14,599 - coverage_middleware - DEBUG - Processing request: POST /datatb/product/delete/29/
2025-04-21 14:29:14,720 - coverage_middleware - DEBUG - Processing request: POST /datatb/product/delete/63/
2025-04-21 14:29:14,867 - coverage_middleware - DEBUG - Processing request: POST /datatb/product/delete/88/
2025-04-21 14:29:15,000 - coverage_middleware - DEBUG - Processing request: POST /datatb/product/delete/91/
2025-04-21 14:29:15,126 - coverage_middleware - DEBUG - Processing request: POST /datatb/product/delete/30/
2025-04-21 14:29:15,249 - coverage_middleware - DEBUG - Processing request: POST /datatb/product/delete/86/
2025-04-21 14:29:15,383 - coverage_middleware - DEBUG - Processing request: POST /datatb/product/export/
2025-04-21 14:29:15,522 - coverage_middleware - DEBUG - Processing request: POST /datatb/product/export/
2025-04-21 14:29:15,655 - coverage_middleware - DEBUG - Processing request: POST /datatb/product/export/
2025-04-21 14:29:15,794 - coverage_middleware - DEBUG - Processing request: POST /datatb/product/export/
2025-04-21 14:29:15,937 - coverage_middleware - DEBUG - Processing request: POST /datatb/product/export/
2025-04-21 14:29:16,080 - coverage_middleware - DEBUG - Processing request: POST /datatb/product/export/
2025-04-21 14:29:16,351 - coverage_middleware - DEBUG - Processing request: POST /datatb/product/export/
2025-04-21 14:29:16,695 - coverage_middleware - DEBUG - Processing request: POST /datatb/product/edit/44/
2025-04-21 14:29:16,842 - coverage_middleware - DEBUG - Processing request: POST /datatb/product/edit/13/
2025-04-21 14:29:16,958 - coverage_middleware - DEBUG - Processing request: POST /datatb/product/edit/4/
2025-04-21 14:29:17,076 - coverage_middleware - DEBUG - Processing request: POST /datatb/product/edit/92/
2025-04-21 14:29:17,196 - coverage_middleware - DEBUG - Processing request: DELETE /api/product/37/
2025-04-21 14:29:17,217 - coverage_middleware - INFO - New file covered: /Users/speedpowermac/Documents/projects/CODE_MAIN/SoftwareTestingProject/DjangoWebApplication/api/views.py
2025-04-21 14:29:17,326 - coverage_middleware - DEBUG - Processing request: DELETE /api/product/68/
2025-04-21 14:29:17,450 - coverage_middleware - DEBUG - Processing request: DELETE /api/product/94/
2025-04-21 14:29:17,580 - coverage_middleware - DEBUG - Processing request: DELETE /api/product/9770860/
2025-04-21 14:29:17,704 - coverage_middleware - DEBUG - Processing request: DELETE /api/product/89/
2025-04-21 14:29:17,837 - coverage_middleware - DEBUG - Processing request: DELETE /api/product/0/
2025-04-21 14:29:17,962 - coverage_middleware - DEBUG - Processing request: DELETE /api/product/73/
2025-04-21 14:29:18,092 - coverage_middleware - DEBUG - Processing request: PUT /api/product/-1/
2025-04-21 14:29:18,291 - coverage_middleware - DEBUG - Processing request: PUT /api/product/35/
2025-04-21 14:29:18,316 - coverage_middleware - INFO - Significant new coverage in /Users/speedpowermac/Documents/projects/CODE_MAIN/SoftwareTestingProject/DjangoWebApplication/api/views.py: 7 new lines
2025-04-21 14:29:18,422 - coverage_middleware - DEBUG - Processing request: PUT /api/product/23/
2025-04-21 14:29:18,546 - coverage_middleware - DEBUG - Processing request: PUT /api/product/72/
2025-04-21 14:29:18,679 - coverage_middleware - DEBUG - Processing request: PUT /api/product/14/
2025-04-21 14:29:18,804 - coverage_middleware - DEBUG - Processing request: PUT /api/product/65/
2025-04-21 14:29:18,963 - coverage_middleware - DEBUG - Processing request: PUT /api/product/10/
2025-04-21 14:29:19,087 - coverage_middleware - DEBUG - Processing request: DELETE /datatb/product/edit/38/
2025-04-21 14:29:19,256 - coverage_middleware - DEBUG - Processing request: DELETE /datatb/product/edit/96/
2025-04-21 14:29:19,412 - coverage_middleware - DEBUG - Processing request: DELETE /datatb/product/edit/97/
2025-04-21 14:29:19,568 - coverage_middleware - DEBUG - Processing request: DELETE /datatb/product/edit/93/
2025-04-21 14:29:19,733 - coverage_middleware - DEBUG - Processing request: DELETE /datatb/product/edit/80/
2025-04-21 14:29:19,889 - coverage_middleware - DEBUG - Processing request: DELETE /datatb/product/edit/B/
2025-04-21 14:29:20,021 - coverage_middleware - DEBUG - Processing request: DELETE /datatb/product/edit/25/
2025-04-21 14:29:20,188 - coverage_middleware - DEBUG - Processing request: PUT /datatb/product/edit/0/
2025-04-21 14:29:20,313 - coverage_middleware - DEBUG - Processing request: PUT /datatb/product/edit/0/
2025-04-21 14:29:20,448 - coverage_middleware - DEBUG - Processing request: PUT /datatb/product/edit/33/
2025-04-21 14:29:20,590 - coverage_middleware - DEBUG - Processing request: PUT /datatb/product/edit/57/
2025-04-21 14:29:20,728 - coverage_middleware - DEBUG - Processing request: PUT /datatb/product/edit/-1/
2025-04-21 14:29:20,869 - coverage_middleware - DEBUG - Processing request: PUT /datatb/product/edit/75/
2025-04-21 14:29:21,000 - coverage_middleware - DEBUG - Processing request: PUT /datatb/product/edit/4/
2025-04-21 14:29:21,132 - coverage_middleware - DEBUG - Processing request: PUT /datatb/product/edit/54/
2025-04-21 14:29:21,263 - coverage_middleware - DEBUG - Processing request: PUT /datatb/product/edit/59/
2025-04-21 14:29:21,388 - coverage_middleware - DEBUG - Processing request: PUT /datatb/product/edit/&/
2025-04-21 14:29:21,531 - coverage_middleware - DEBUG - Processing request: PUT /datatb/product/edit/abc/
2025-04-21 14:29:21,674 - coverage_middleware - DEBUG - Processing request: PUT /datatb/product/edit/48/
2025-04-21 14:29:21,817 - coverage_middleware - DEBUG - Processing request: PUT /datatb/product/edit/40/
2025-04-21 14:29:21,953 - coverage_middleware - DEBUG - Processing request: PUT /datatb/product/export/
2025-04-21 14:29:22,120 - coverage_middleware - DEBUG - Processing request: PUT /datatb/product/export/
2025-04-21 14:29:22,250 - coverage_middleware - DEBUG - Processing request: PUT /datatb/product/export/
2025-04-21 14:29:22,388 - coverage_middleware - DEBUG - Processing request: PUT /datatb/product/export/
2025-04-21 14:29:22,533 - coverage_middleware - DEBUG - Processing request: PUT /datatb/product/export/
2025-04-21 14:29:22,680 - coverage_middleware - DEBUG - Processing request: PUT /datatb/product/export/
2025-04-21 14:29:22,809 - coverage_middleware - DEBUG - Processing request: PUT /datatb/product/export/
2025-04-21 14:29:22,940 - coverage_middleware - DEBUG - Processing request: PUT /datatb/product/export/
2025-04-21 14:29:23,066 - coverage_middleware - DEBUG - Processing request: PUT /datatb/product/export/
2025-04-21 14:29:23,193 - coverage_middleware - DEBUG - Processing request: PUT /datatb/product/export/
2025-04-21 14:29:23,322 - coverage_middleware - DEBUG - Processing request: PUT /datatb/product/export/
2025-04-21 14:29:23,459 - coverage_middleware - DEBUG - Processing request: PUT /datatb/product/export/
2025-04-21 14:29:23,593 - coverage_middleware - DEBUG - Processing request: PUT /datatb/product/export/
2025-04-21 14:29:23,735 - coverage_middleware - DEBUG - Processing request: GET /datatb/product/edit/51/
2025-04-21 14:29:23,919 - coverage_middleware - DEBUG - Processing request: GET /datatb/product/edit/34/
2025-04-21 14:29:24,090 - coverage_middleware - DEBUG - Processing request: GET /datatb/product/edit/10/
2025-04-21 14:29:24,243 - coverage_middleware - DEBUG - Processing request: GET /datatb/product/edit/35/
2025-04-21 14:29:24,410 - coverage_middleware - DEBUG - Processing request: GET /datatb/product/edit/60/
2025-04-21 14:29:24,579 - coverage_middleware - DEBUG - Processing request: GET /datatb/product/edit/0/
2025-04-21 14:29:24,747 - coverage_middleware - DEBUG - Processing request: GET /datatb/product/edit/22/
2025-04-21 14:29:24,916 - coverage_middleware - DEBUG - Processing request: GET /datatb/product/edit/36/
2025-04-21 14:29:25,082 - coverage_middleware - DEBUG - Processing request: GET /datatb/product/edit/-1/
2025-04-21 14:29:25,224 - coverage_middleware - DEBUG - Processing request: GET /datatb/product/edit/57/
2025-04-21 14:29:25,394 - coverage_middleware - DEBUG - Processing request: GET /datatb/product/edit/59/
2025-04-21 14:29:25,560 - coverage_middleware - DEBUG - Processing request: GET /datatb/product/edit/0/
2025-04-21 14:29:25,722 - coverage_middleware - DEBUG - Processing request: GET /datatb/product/edit/35/
2025-04-21 14:29:25,889 - coverage_middleware - DEBUG - Processing request: POST /datatb/product/
2025-04-21 14:29:26,026 - coverage_middleware - DEBUG - Processing request: POST /datatb/product/
2025-04-21 14:29:26,168 - coverage_middleware - DEBUG - Processing request: POST /datatb/product/
2025-04-21 14:29:26,297 - coverage_middleware - DEBUG - Processing request: POST /datatb/product/
2025-04-21 14:29:26,433 - coverage_middleware - DEBUG - Processing request: POST /datatb/product/
2025-04-21 14:29:26,566 - coverage_middleware - DEBUG - Processing request: POST /datatb/product/
2025-04-21 14:29:26,704 - coverage_middleware - DEBUG - Processing request: POST /datatb/product/
2025-04-21 14:29:26,844 - coverage_middleware - DEBUG - Processing request: POST /datatb/product/
2025-04-21 14:29:27,040 - coverage_middleware - DEBUG - Processing request: POST /datatb/product/
2025-04-21 14:29:27,178 - coverage_middleware - DEBUG - Processing request: POST /datatb/product/
2025-04-21 14:29:27,334 - coverage_middleware - DEBUG - Processing request: POST /datatb/product/
2025-04-21 14:29:27,467 - coverage_middleware - DEBUG - Processing request: POST /datatb/product/
2025-04-21 14:29:27,614 - coverage_middleware - DEBUG - Processing request: POST /datatb/product/
2025-04-21 14:29:27,763 - coverage_middleware - DEBUG - Processing request: POST /datatb/product/
2025-04-21 14:29:27,912 - coverage_middleware - DEBUG - Processing request: POST /datatb/product/
2025-04-21 14:29:28,067 - coverage_middleware - DEBUG - Processing request: POST /datatb/product/
2025-04-21 14:29:28,207 - coverage_middleware - DEBUG - Processing request: POST /datatb/product/
2025-04-21 14:29:28,367 - coverage_middleware - DEBUG - Processing request: POST /datatb/product/
2025-04-21 14:29:28,499 - coverage_middleware - DEBUG - Processing request: POST /datatb/product/
2025-04-21 14:29:28,634 - coverage_middleware - DEBUG - Processing request: PUT /datatb/product/delete/91/
2025-04-21 14:29:28,767 - coverage_middleware - DEBUG - Processing request: PUT /datatb/product/delete/66/
2025-04-21 14:29:28,902 - coverage_middleware - DEBUG - Processing request: PUT /datatb/product/delete/50/
2025-04-21 14:29:29,044 - coverage_middleware - DEBUG - Processing request: PUT /datatb/product/delete/44/
2025-04-21 14:29:29,184 - coverage_middleware - DEBUG - Processing request: PUT /datatb/product/delete/68/
2025-04-21 14:29:29,325 - coverage_middleware - DEBUG - Processing request: PUT /datatb/product/delete/9/
2025-04-21 14:29:29,453 - coverage_middleware - DEBUG - Processing request: PUT /datatb/product/delete/61/
2025-04-21 14:29:29,584 - coverage_middleware - DEBUG - Processing request: PUT /datatb/product/delete/9980134/
2025-04-21 14:29:29,721 - coverage_middleware - DEBUG - Processing request: PUT /datatb/product/delete/78/
2025-04-21 14:29:29,853 - coverage_middleware - DEBUG - Processing request: PUT /datatb/product/delete/4650772/
2025-04-21 14:29:29,984 - coverage_middleware - DEBUG - Processing request: PUT /datatb/product/delete/abc/
2025-04-21 14:29:30,122 - coverage_middleware - DEBUG - Processing request: PUT /datatb/product/delete/abc/
2025-04-21 14:29:30,254 - coverage_middleware - DEBUG - Processing request: PUT /datatb/product/delete/-1/
2025-04-21 14:29:30,394 - coverage_middleware - DEBUG - Processing request: DELETE /datatb/product/delete/53/
2025-04-21 14:29:30,521 - coverage_middleware - DEBUG - Processing request: DELETE /datatb/product/delete/0/
2025-04-21 14:29:30,657 - coverage_middleware - DEBUG - Processing request: DELETE /datatb/product/delete/21/
2025-04-21 14:29:30,795 - coverage_middleware - DEBUG - Processing request: DELETE /datatb/product/delete/76/
2025-04-21 14:29:30,930 - coverage_middleware - DEBUG - Processing request: DELETE /datatb/product/delete/55/
2025-04-21 14:29:31,070 - coverage_middleware - DEBUG - Processing request: DELETE /datatb/product/delete/85/
2025-04-21 14:29:31,208 - coverage_middleware - DEBUG - Processing request: DELETE /datatb/product/delete/97/
2025-04-21 14:29:31,346 - coverage_middleware - DEBUG - Processing request: DELETE /datatb/product/delete/5085799/
2025-04-21 14:29:31,492 - coverage_middleware - DEBUG - Processing request: DELETE /datatb/product/delete/68/
2025-04-21 14:29:31,619 - coverage_middleware - DEBUG - Processing request: DELETE /datatb/product/delete/17/
2025-04-21 14:29:31,755 - coverage_middleware - DEBUG - Processing request: DELETE /datatb/product/delete/44/
2025-04-21 14:29:31,890 - coverage_middleware - DEBUG - Processing request: DELETE /datatb/product/delete/0/
2025-04-21 14:29:32,022 - coverage_middleware - DEBUG - Processing request: DELETE /datatb/product/delete/18/
2025-04-21 14:29:32,160 - coverage_middleware - DEBUG - Processing request: DELETE /datatb/product/edit/17/
2025-04-21 14:29:32,347 - coverage_middleware - DEBUG - Processing request: DELETE /datatb/product/edit/98/
2025-04-21 14:29:32,519 - coverage_middleware - DEBUG - Processing request: DELETE /datatb/product/edit/12/
2025-04-21 14:29:32,680 - coverage_middleware - DEBUG - Processing request: DELETE /datatb/product/edit/80/
2025-04-21 14:29:32,853 - coverage_middleware - DEBUG - Processing request: DELETE /datatb/product/edit/31/
2025-04-21 14:29:33,023 - coverage_middleware - DEBUG - Processing request: DELETE /datatb/product/edit/abc/
2025-04-21 14:29:33,157 - coverage_middleware - DEBUG - Processing request: DELETE /datatb/product/edit/1758010/
2025-04-21 14:29:38,273 - coverage_middleware - DEBUG - Processing request: DELETE /datatb/product/edit/-1/
2025-04-21 14:29:43,378 - coverage_middleware - DEBUG - Processing request: DELETE /datatb/product/edit/abc/
2025-04-21 14:29:48,486 - coverage_middleware - DEBUG - Processing request: DELETE /datatb/product/edit/63/
2025-04-21 14:30:17,202 - coverage_middleware - INFO - Coverage middleware initialized
2025-04-21 14:30:17,703 - coverage_middleware - DEBUG - Processing request: GET /
2025-04-21 14:30:17,889 - coverage_middleware - DEBUG - Processing request: POST /login/jwt/
2025-04-21 14:30:18,112 - coverage_middleware - DEBUG - Processing request: POST /api/product/8/
2025-04-21 14:30:18,283 - coverage_middleware - DEBUG - Processing request: POST /api/product/33/
2025-04-21 14:30:18,481 - coverage_middleware - DEBUG - Processing request: POST /api/product/50/
2025-04-21 14:30:18,641 - coverage_middleware - DEBUG - Processing request: POST /api/product/8/
2025-04-21 14:30:18,803 - coverage_middleware - DEBUG - Processing request: POST /api/product/2/
2025-04-21 14:30:18,968 - coverage_middleware - DEBUG - Processing request: POST /api/product/0/
2025-04-21 14:30:19,142 - coverage_middleware - DEBUG - Processing request: POST /api/product/81/
2025-04-21 14:30:19,301 - coverage_middleware - DEBUG - Processing request: PUT /datatb/product/export/
2025-04-21 14:30:19,443 - coverage_middleware - DEBUG - Processing request: PUT /datatb/product/export/
2025-04-21 14:30:55,778 - coverage_middleware - INFO - Coverage middleware initialized
2025-04-21 14:30:56,193 - coverage_middleware - DEBUG - Processing request: GET /
2025-04-21 14:30:56,362 - coverage_middleware - DEBUG - Processing request: POST /login/jwt/
2025-04-21 14:30:56,590 - coverage_middleware - DEBUG - Processing request: GET /api/product/100/
2025-04-21 14:30:56,609 - coverage_middleware - INFO - New file covered: /Users/speedpowermac/Documents/projects/CODE_MAIN/SoftwareTestingProject/DjangoWebApplication/api/views.py
2025-04-21 14:30:56,715 - coverage_middleware - DEBUG - Processing request: GET /api/product/22/
2025-04-21 14:30:56,842 - coverage_middleware - DEBUG - Processing request: GET /api/product//2/
2025-04-21 14:30:56,860 - coverage_middleware - INFO - Significant new coverage in /Users/speedpowermac/Documents/projects/CODE_MAIN/SoftwareTestingProject/DjangoWebApplication/api/views.py: 4 new lines
2025-04-21 14:30:56,964 - coverage_middleware - DEBUG - Processing request: GET /api/product/80/
2025-04-21 14:30:57,116 - coverage_middleware - DEBUG - Processing request: GET /api/product/98/
2025-04-21 14:30:57,240 - coverage_middleware - DEBUG - Processing request: GET /api/product/51/
2025-04-21 14:30:57,371 - coverage_middleware - DEBUG - Processing request: GET /api/product/5K/
2025-04-21 14:30:57,498 - coverage_middleware - DEBUG - Processing request: DELETE /datatb/product/
2025-04-21 14:30:57,637 - coverage_middleware - DEBUG - Processing request: DELETE /datatb/product/
2025-04-21 14:30:57,770 - coverage_middleware - DEBUG - Processing request: DELETE /datatb/product/
2025-04-21 15:51:48,568 - coverage_middleware - INFO - Coverage middleware initialized
2025-04-21 15:51:48,936 - coverage_middleware - DEBUG - Processing request: GET /
2025-04-21 15:51:49,099 - coverage_middleware - DEBUG - Processing request: POST /login/jwt/
2025-04-21 15:51:49,310 - coverage_middleware - DEBUG - Processing request: POST /api/product/34/
2025-04-21 15:51:49,475 - coverage_middleware - DEBUG - Processing request: POST /api/product/36/
2025-04-21 15:51:49,644 - coverage_middleware - DEBUG - Processing request: POST /api/product/0/
2025-04-21 15:51:49,858 - coverage_middleware - DEBUG - Processing request: POST /api/product/2302937/
2025-04-21 15:51:50,018 - coverage_middleware - DEBUG - Processing request: POST /api/product/67/
2025-04-21 15:51:50,191 - coverage_middleware - DEBUG - Processing request: POST /api/product/50/
2025-04-21 15:51:50,366 - coverage_middleware - DEBUG - Processing request: POST /api/product/63/
2025-04-21 15:51:50,539 - coverage_middleware - DEBUG - Processing request: GET /datatb/product/export/
2025-04-21 15:51:50,707 - coverage_middleware - DEBUG - Processing request: GET /datatb/product/export/
2025-04-21 15:58:25,935 - coverage_middleware - INFO - Coverage middleware initialized
2025-04-21 15:58:26,093 - coverage_middleware - DEBUG - Processing request: GET /
2025-04-21 15:58:26,240 - coverage_middleware - DEBUG - Processing request: POST /login/jwt/
2025-04-21 15:58:26,451 - coverage_middleware - DEBUG - Processing request: POST /api/product/0/
2025-04-21 15:58:26,616 - coverage_middleware - DEBUG - Processing request: POST /api/product/90/
2025-04-21 15:58:26,787 - coverage_middleware - DEBUG - Processing request: POST /api/product/89/
2025-04-21 15:58:26,962 - coverage_middleware - DEBUG - Processing request: POST /api/product/abc/
2025-04-21 15:58:26,989 - coverage_middleware - INFO - New file covered: /Users/speedpowermac/Documents/projects/CODE_MAIN/SoftwareTestingProject/DjangoWebApplication/api/views.py
2025-04-21 15:58:27,098 - coverage_middleware - DEBUG - Processing request: POST /api/product/69/
2025-04-21 15:58:27,284 - coverage_middleware - DEBUG - Processing request: POST /api/product/33/
2025-04-21 15:58:27,449 - coverage_middleware - DEBUG - Processing request: POST /api/product/87/
2025-04-21 15:58:27,615 - coverage_middleware - DEBUG - Processing request: GET /datatb/product/delete/36/
2025-04-21 15:58:27,745 - coverage_middleware - DEBUG - Processing request: GET /datatb/product/delete/51/
2025-04-21 15:58:27,879 - coverage_middleware - DEBUG - Processing request: GET /datatb/product/delete/31/
2025-04-21 15:58:28,014 - coverage_middleware - DEBUG - Processing request: GET /datatb/product/delete/88/
2025-04-22 12:55:12,302 - coverage_middleware - INFO - Coverage middleware initialized
2025-04-22 12:55:12,312 - coverage_middleware - DEBUG - Processing request: GET /
2025-04-22 12:55:12,556 - coverage_middleware - DEBUG - Processing request: POST /login/jwt/
2025-04-22 12:55:12,771 - coverage_middleware - DEBUG - Processing request: POST /datatb/product/delete/-1/
2025-04-22 12:55:12,898 - coverage_middleware - DEBUG - Processing request: POST /datatb/product/delete/-1/
2025-04-22 12:55:13,031 - coverage_middleware - DEBUG - Processing request: POST /datatb/product/delete/X8/
2025-04-22 12:55:13,164 - coverage_middleware - DEBUG - Processing request: POST /datatb/product/delete/35/
2025-04-22 12:55:13,300 - coverage_middleware - DEBUG - Processing request: POST /datatb/product/delete/57/
2025-04-22 12:55:13,439 - coverage_middleware - DEBUG - Processing request: POST /datatb/product/delete/34/
2025-04-22 12:55:13,576 - coverage_middleware - DEBUG - Processing request: POST /datatb/product/delete/3/
2025-04-22 12:55:13,703 - coverage_middleware - DEBUG - Processing request: POST /datatb/product/edit/94/
2025-04-22 12:55:13,833 - coverage_middleware - DEBUG - Processing request: POST /datatb/product/edit/0/
2025-04-22 12:55:13,964 - coverage_middleware - DEBUG - Processing request: POST /datatb/product/edit/54/
2025-04-22 12:55:14,091 - coverage_middleware - DEBUG - Processing request: POST /datatb/product/edit/61/
2025-04-22 12:55:14,221 - coverage_middleware - DEBUG - Processing request: POST /datatb/product/edit/7/
2025-04-22 12:55:14,354 - coverage_middleware - DEBUG - Processing request: POST /datatb/product/edit/1329056/
2025-04-22 12:55:14,491 - coverage_middleware - DEBUG - Processing request: POST /datatb/product/edit/53/
2025-04-22 12:55:14,630 - coverage_middleware - DEBUG - Processing request: GET /datatb/product/delete/93/
2025-04-22 12:55:14,780 - coverage_middleware - DEBUG - Processing request: GET /datatb/product/delete/47/
2025-04-22 12:55:14,905 - coverage_middleware - DEBUG - Processing request: GET /datatb/product/delete/46/
2025-04-22 12:55:15,035 - coverage_middleware - DEBUG - Processing request: GET /datatb/product/delete/48/
2025-04-22 12:55:15,169 - coverage_middleware - DEBUG - Processing request: GET /datatb/product/delete/82/
2025-04-22 12:55:15,308 - coverage_middleware - DEBUG - Processing request: GET /datatb/product/delete/91/
2025-04-22 12:55:15,449 - coverage_middleware - DEBUG - Processing request: GET /datatb/product/delete/5998830/
2025-04-22 12:55:15,591 - coverage_middleware - DEBUG - Processing request: GET /datatb/product/delete/abc/
2025-04-22 12:55:15,734 - coverage_middleware - DEBUG - Processing request: GET /datatb/product/delete/97/
2025-04-22 12:55:15,855 - coverage_middleware - DEBUG - Processing request: GET /datatb/product/delete/26/
2025-04-22 12:55:15,986 - coverage_middleware - DEBUG - Processing request: GET /datatb/product/delete/-1/
2025-04-22 12:55:16,129 - coverage_middleware - DEBUG - Processing request: GET /datatb/product/delete/95/
2025-04-22 12:55:16,267 - coverage_middleware - DEBUG - Processing request: GET /datatb/product/delete/abc/
2025-04-22 12:55:16,404 - coverage_middleware - DEBUG - Processing request: POST /api/product/68/
2025-04-22 12:55:16,600 - coverage_middleware - DEBUG - Processing request: POST /api/product/63/
2025-04-22 12:55:16,775 - coverage_middleware - DEBUG - Processing request: POST /api/product/15/
2025-04-22 12:55:16,962 - coverage_middleware - DEBUG - Processing request: POST /api/product/1/
2025-04-22 12:55:17,128 - coverage_middleware - DEBUG - Processing request: POST /api/product/abc/
2025-04-22 12:55:17,159 - coverage_middleware - INFO - New file covered: /Users/speedpowermac/Documents/projects/CODE_MAIN/SoftwareTestingProject/DjangoWebApplication/api/views.py
2025-04-22 12:55:17,268 - coverage_middleware - DEBUG - Processing request: POST /api/product/11/
2025-04-22 12:55:17,449 - coverage_middleware - DEBUG - Processing request: POST /api/product/98/
2025-04-22 12:55:17,626 - coverage_middleware - DEBUG - Processing request: DELETE /api/product/44/
2025-04-22 12:55:17,651 - coverage_middleware - INFO - Significant new coverage in /Users/speedpowermac/Documents/projects/CODE_MAIN/SoftwareTestingProject/DjangoWebApplication/api/views.py: 7 new lines
2025-04-22 12:55:17,761 - coverage_middleware - DEBUG - Processing request: DELETE /api/product/86/
2025-04-22 12:55:17,897 - coverage_middleware - DEBUG - Processing request: DELETE /api/product/0/
2025-04-22 12:55:18,056 - coverage_middleware - DEBUG - Processing request: DELETE /api/product/34/
2025-04-22 12:55:18,190 - coverage_middleware - DEBUG - Processing request: DELETE /api/product/2401155/
2025-04-22 12:55:18,333 - coverage_middleware - DEBUG - Processing request: DELETE /api/product/18/
2025-04-22 12:55:18,474 - coverage_middleware - DEBUG - Processing request: DELETE /api/product/abc/
2025-04-22 12:55:18,663 - coverage_middleware - DEBUG - Processing request: DELETE /api/product/10/
2025-04-22 12:55:18,799 - coverage_middleware - DEBUG - Processing request: DELETE /api/product/55/
2025-04-22 12:55:18,942 - coverage_middleware - DEBUG - Processing request: DELETE /api/product/21/
2025-04-22 12:55:19,100 - coverage_middleware - DEBUG - Processing request: DELETE /api/product/14/
2025-04-22 12:55:19,235 - coverage_middleware - DEBUG - Processing request: DELETE /api/product/abc/
2025-04-22 12:55:19,421 - coverage_middleware - DEBUG - Processing request: DELETE /api/product/13/
2025-04-22 12:55:19,558 - coverage_middleware - DEBUG - Processing request: DELETE /api/product/-1/
2025-04-22 12:55:19,743 - coverage_middleware - DEBUG - Processing request: DELETE /api/product/71/
2025-04-22 12:55:19,870 - coverage_middleware - DEBUG - Processing request: DELETE /api/product/28/
2025-04-22 12:55:20,006 - coverage_middleware - DEBUG - Processing request: DELETE /api/product/0/
2025-04-22 12:55:20,171 - coverage_middleware - DEBUG - Processing request: DELETE /api/product///
2025-04-22 12:55:20,345 - coverage_middleware - DEBUG - Processing request: DELETE /api/product/65/
2025-04-22 12:55:20,479 - coverage_middleware - DEBUG - Processing request: POST /datatb/product/edit/abc/
2025-04-22 12:55:20,614 - coverage_middleware - DEBUG - Processing request: POST /datatb/product/edit/9691482/
2025-04-22 12:55:20,753 - coverage_middleware - DEBUG - Processing request: POST /datatb/product/edit/23/
2025-04-22 12:55:20,896 - coverage_middleware - DEBUG - Processing request: POST /datatb/product/edit/36/
2025-04-22 12:55:21,039 - coverage_middleware - DEBUG - Processing request: POST /datatb/product/edit/99/
2025-04-22 12:55:21,172 - coverage_middleware - DEBUG - Processing request: POST /datatb/product/edit/t9/
2025-04-22 12:55:21,304 - coverage_middleware - DEBUG - Processing request: POST /datatb/product/edit/90/
2025-04-22 12:55:21,438 - coverage_middleware - DEBUG - Processing request: POST /datatb/product/edit/18/
2025-04-22 12:55:21,577 - coverage_middleware - DEBUG - Processing request: DELETE /datatb/product/export/
2025-04-22 12:55:21,789 - coverage_middleware - DEBUG - Processing request: DELETE /datatb/product/export/
2025-04-22 12:55:21,957 - coverage_middleware - DEBUG - Processing request: DELETE /datatb/product/export/
2025-04-22 12:55:22,128 - coverage_middleware - DEBUG - Processing request: DELETE /datatb/product/export/
2025-04-22 12:55:22,303 - coverage_middleware - DEBUG - Processing request: DELETE /datatb/product/export/
2025-04-22 12:55:22,472 - coverage_middleware - DEBUG - Processing request: DELETE /datatb/product/export/
2025-04-22 12:55:22,638 - coverage_middleware - DEBUG - Processing request: DELETE /datatb/product/export/
2025-04-22 12:55:22,800 - coverage_middleware - DEBUG - Processing request: POST /datatb/product/
2025-04-22 12:55:22,932 - coverage_middleware - DEBUG - Processing request: POST /datatb/product/
2025-04-22 12:55:23,069 - coverage_middleware - DEBUG - Processing request: POST /datatb/product/
2025-04-22 12:55:23,212 - coverage_middleware - DEBUG - Processing request: POST /datatb/product/
2025-04-22 12:55:23,381 - coverage_middleware - DEBUG - Processing request: POST /datatb/product/
2025-04-22 12:55:23,517 - coverage_middleware - DEBUG - Processing request: POST /datatb/product/
2025-04-22 12:55:23,657 - coverage_middleware - DEBUG - Processing request: POST /datatb/product/
2025-04-22 12:55:23,805 - coverage_middleware - DEBUG - Processing request: PUT /api/product/42/
2025-04-22 12:55:23,839 - coverage_middleware - INFO - Significant new coverage in /Users/speedpowermac/Documents/projects/CODE_MAIN/SoftwareTestingProject/DjangoWebApplication/api/views.py: 7 new lines
2025-04-22 12:55:23,951 - coverage_middleware - DEBUG - Processing request: PUT /api/product/6/
2025-04-22 12:55:24,099 - coverage_middleware - DEBUG - Processing request: PUT /api/product/50/
2025-04-22 12:55:24,244 - coverage_middleware - DEBUG - Processing request: PUT /api/product/60/
2025-04-22 12:55:24,389 - coverage_middleware - DEBUG - Processing request: PUT /api/product/94/
2025-04-22 12:55:24,523 - coverage_middleware - DEBUG - Processing request: PUT /api/product/47/
2025-04-22 12:55:24,663 - coverage_middleware - DEBUG - Processing request: PUT /api/product/abc/
2025-04-22 12:55:24,854 - coverage_middleware - DEBUG - Processing request: PUT /api/product/84/
2025-04-22 12:55:24,990 - coverage_middleware - DEBUG - Processing request: PUT /api/product/abc/
2025-04-27 13:51:49,706 - coverage_middleware - INFO - Coverage middleware initialized
2025-04-27 13:51:49,964 - coverage_middleware - DEBUG - Processing request: GET /
2025-04-27 13:51:50,140 - coverage_middleware - DEBUG - Processing request: POST /login/jwt/
2025-04-27 13:51:50,348 - coverage_middleware - DEBUG - Processing request: GET /api/product/12/
2025-04-27 13:51:50,364 - coverage_middleware - INFO - New file covered: /Users/speedpowermac/Documents/projects/CODE_MAIN/SoftwareTestingProject/DjangoWebApplication/api/views.py
2025-04-27 13:51:50,472 - coverage_middleware - DEBUG - Processing request: GET /api/product/2090318/
2025-04-27 13:51:50,604 - coverage_middleware - DEBUG - Processing request: GET /api/product/47/
2025-04-27 13:51:50,743 - coverage_middleware - DEBUG - Processing request: GET /api/product/abc/
2025-04-27 13:51:50,779 - coverage_middleware - INFO - Significant new coverage in /Users/speedpowermac/Documents/projects/CODE_MAIN/SoftwareTestingProject/DjangoWebApplication/api/views.py: 4 new lines
2025-04-27 13:51:50,888 - coverage_middleware - DEBUG - Processing request: GET /api/product/86/
2025-04-27 13:51:51,024 - coverage_middleware - DEBUG - Processing request: GET /api/product/22/
2025-04-27 13:51:51,154 - coverage_middleware - DEBUG - Processing request: GET /api/product/12/
2025-04-27 13:51:51,290 - coverage_middleware - DEBUG - Processing request: POST /datatb/product/
2025-04-27 13:51:51,434 - coverage_middleware - DEBUG - Processing request: POST /datatb/product/
2025-04-27 13:51:51,567 - coverage_middleware - DEBUG - Processing request: POST /datatb/product/
2025-04-27 13:51:51,709 - coverage_middleware - DEBUG - Processing request: POST /datatb/product/
2025-04-27 13:51:51,852 - coverage_middleware - DEBUG - Processing request: POST /datatb/product/
2025-04-27 13:51:51,997 - coverage_middleware - DEBUG - Processing request: POST /datatb/product/
2025-04-27 13:51:52,157 - coverage_middleware - DEBUG - Processing request: POST /datatb/product/
2025-04-27 13:51:52,288 - coverage_middleware - DEBUG - Processing request: PUT /datatb/product/edit/3590154/
2025-04-27 13:51:52,421 - coverage_middleware - DEBUG - Processing request: PUT /datatb/product/edit/88/
2025-04-27 13:51:52,562 - coverage_middleware - DEBUG - Processing request: PUT /datatb/product/edit/9/
